2023-05-29 14:04:19,501 INFO [main] e.DataXExecutorApplication [StartupInfoLogger.java : 50] Starting DataXExecutorApplication on DESKTOP-4T7GFGM with PID 22640 (D:\IdeaProjects\BigDate\RuoShui-BigData\ruoshui-datax-executor\target\classes started by admin in D:\IdeaProjects\BigDate\RuoShui-BigData)
2023-05-29 14:04:19,505 INFO [main] e.DataXExecutorApplication [SpringApplication.java : 675] No active profile set, falling back to default profiles: default
2023-05-29 14:04:20,723 INFO [main] o.s.b.w.e.t.TomcatWebServer [TomcatWebServer.java : 90] Tomcat initialized with port(s): 9504 (http)
2023-05-29 14:04:20,747 INFO [main] o.a.c.h.Http11NioProtocol [DirectJDKLog.java : 173] Initializing ProtocolHandler ["http-nio-9504"]
2023-05-29 14:04:20,759 INFO [main] o.a.c.c.StandardService [DirectJDKLog.java : 173] Starting service [Tomcat]
2023-05-29 14:04:20,760 INFO [main] o.a.c.c.StandardEngine [DirectJDKLog.java : 173] Starting Servlet engine: [Apache Tomcat/9.0.17]
2023-05-29 14:04:20,920 INFO [main] o.a.c.c.C.[.[.[/] [DirectJDKLog.java : 173] Initializing Spring embedded WebApplicationContext
2023-05-29 14:04:20,920 INFO [main] o.s.w.c.ContextLoader [ServletWebServerApplicationContext.java : 296] Root WebApplicationContext: initialization completed in 1104 ms
2023-05-29 14:04:20,992 INFO [main] e.c.c.DataXConfig [DataXConfig.java : 48] >>>>>>>>>>> ruoshui-ground config init.
2023-05-29 14:04:21,137 INFO [main] o.s.s.c.ThreadPoolTaskExecutor [ExecutorConfigurationSupport.java : 171] Initializing ExecutorService 'applicationTaskExecutor'
2023-05-29 14:04:21,269 INFO [main] c.r.c.e.JobExecutor [JobExecutor.java : 238] >>>>>>>>>>> web register jobhandler success, name:executorJobHandler, jobHandler:executor.service.jobhandler.ExecutorJobHandler@198ef2ce
2023-05-29 14:04:21,270 INFO [main] c.r.c.e.JobExecutor [JobExecutor.java : 238] >>>>>>>>>>> web register jobhandler success, name:killJobHandler, jobHandler:executor.service.jobhandler.KillJobHandler@7a639ec5
2023-05-29 14:04:21,299 INFO [main] c.r.r.r.p.XxlRpcProviderFactory [XxlRpcProviderFactory.java : 197] >>>>>>>>>>> xxl-rpc, provider factory add service success. serviceKey = com.ruoshui.core.biz.ExecutorBiz, serviceBean = class com.ruoshui.core.biz.impl.ExecutorBizImpl
2023-05-29 14:04:21,352 INFO [main] o.a.c.h.Http11NioProtocol [DirectJDKLog.java : 173] Starting ProtocolHandler ["http-nio-9504"]
2023-05-29 14:04:21,398 INFO [main] o.s.b.w.e.t.TomcatWebServer [TomcatWebServer.java : 204] Tomcat started on port(s): 9504 (http) with context path ''
2023-05-29 14:04:21,402 INFO [main] e.DataXExecutorApplication [StartupInfoLogger.java : 59] Started DataXExecutorApplication in 2.329 seconds (JVM running for 4.596)
2023-05-29 14:04:24,192 INFO [Thread-8] c.r.r.r.net.Server [NettyHttpServer.java : 64] >>>>>>>>>>> xxl-rpc remoting server start success, nettype = com.ruoshui.rpc.remoting.net.impl.netty_http.server.NettyHttpServer, port = 9999
2023-05-29 14:06:57,646 INFO [Thread-10] o.s.s.c.ThreadPoolTaskExecutor [ExecutorConfigurationSupport.java : 208] Shutting down ExecutorService 'applicationTaskExecutor'
2023-05-29 14:06:57,646 INFO [Thread-8] c.r.r.r.net.Server [NettyHttpServer.java : 72] >>>>>>>>>>> xxl-rpc remoting server stop.
2023-05-29 14:06:57,661 INFO [web, executor ExecutorRegistryThread] c.r.c.t.ExecutorRegistryThread [ExecutorRegistryThread.java : 86] >>>>>>>>>>> web registry-remove success, registryParam:RegistryParam{registryGroup='EXECUTOR', registryKey='mendale_executor', registryValue='127.0.0.1:9999', cpuUsage='0.0', memoryUsage='0.0', loadAverage='0.0'}, registryResult:ReturnT [code=200, msg=null, content=null]
2023-05-29 14:06:57,662 INFO [web, executor ExecutorRegistryThread] c.r.c.t.ExecutorRegistryThread [ExecutorRegistryThread.java : 104] >>>>>>>>>>> web, executor registry thread destory.
2023-05-29 14:06:57,662 INFO [Thread-10] c.r.r.r.net.Server [NettyHttpServer.java : 106] >>>>>>>>>>> xxl-rpc remoting server destroy success.
2023-05-29 14:06:57,662 INFO [web, executor JobLogFileCleanThread] c.r.c.t.JobLogFileCleanThread [JobLogFileCleanThread.java : 93] >>>>>>>>>>> web, executor JobLogFileCleanThread thread destory.
2023-05-29 14:06:57,663 INFO [web, executor TriggerCallbackThread] c.r.c.t.TriggerCallbackThread [TriggerCallbackThread.java : 94] >>>>>>>>>>> web, executor callback thread destory.
2023-05-29 14:06:57,663 INFO [Thread-5] c.r.c.t.TriggerCallbackThread [TriggerCallbackThread.java : 121] >>>>>>>>>>> web, executor retry callback thread destory.
2023-05-29 14:06:57,663 INFO [web, executor TriggerCallbackThread] c.r.c.t.ProcessCallbackThread [ProcessCallbackThread.java : 94] >>>>>>>>>>> web, executor callback thread destory.
2023-05-29 14:06:57,664 INFO [Thread-7] c.r.c.t.ProcessCallbackThread [ProcessCallbackThread.java : 121] >>>>>>>>>>> web, executor retry callback thread destory.
2023-05-29 14:07:06,046 INFO [main] e.DataXExecutorApplication [StartupInfoLogger.java : 50] Starting DataXExecutorApplication on DESKTOP-4T7GFGM with PID 19980 (D:\IdeaProjects\BigDate\RuoShui-BigData\ruoshui-datax-executor\target\classes started by admin in D:\IdeaProjects\BigDate\RuoShui-BigData)
2023-05-29 14:07:06,050 INFO [main] e.DataXExecutorApplication [SpringApplication.java : 675] No active profile set, falling back to default profiles: default
2023-05-29 14:07:07,249 INFO [main] o.s.b.w.e.t.TomcatWebServer [TomcatWebServer.java : 90] Tomcat initialized with port(s): 9504 (http)
2023-05-29 14:07:07,269 INFO [main] o.a.c.h.Http11NioProtocol [DirectJDKLog.java : 173] Initializing ProtocolHandler ["http-nio-9504"]
2023-05-29 14:07:07,282 INFO [main] o.a.c.c.StandardService [DirectJDKLog.java : 173] Starting service [Tomcat]
2023-05-29 14:07:07,282 INFO [main] o.a.c.c.StandardEngine [DirectJDKLog.java : 173] Starting Servlet engine: [Apache Tomcat/9.0.17]
2023-05-29 14:07:07,433 INFO [main] o.a.c.c.C.[.[.[/] [DirectJDKLog.java : 173] Initializing Spring embedded WebApplicationContext
2023-05-29 14:07:07,434 INFO [main] o.s.w.c.ContextLoader [ServletWebServerApplicationContext.java : 296] Root WebApplicationContext: initialization completed in 1101 ms
2023-05-29 14:07:07,503 INFO [main] e.c.c.DataXConfig [DataXConfig.java : 48] >>>>>>>>>>> ruoshui-ground config init.
2023-05-29 14:07:07,665 INFO [main] o.s.s.c.ThreadPoolTaskExecutor [ExecutorConfigurationSupport.java : 171] Initializing ExecutorService 'applicationTaskExecutor'
2023-05-29 14:07:07,805 INFO [main] c.r.c.e.JobExecutor [JobExecutor.java : 238] >>>>>>>>>>> web register jobhandler success, name:executorJobHandler, jobHandler:executor.service.jobhandler.ExecutorJobHandler@1bcb79c2
2023-05-29 14:07:07,806 INFO [main] c.r.c.e.JobExecutor [JobExecutor.java : 238] >>>>>>>>>>> web register jobhandler success, name:killJobHandler, jobHandler:executor.service.jobhandler.KillJobHandler@31fc71ab
2023-05-29 14:07:07,833 INFO [main] c.r.r.r.p.XxlRpcProviderFactory [XxlRpcProviderFactory.java : 197] >>>>>>>>>>> xxl-rpc, provider factory add service success. serviceKey = com.ruoshui.core.biz.ExecutorBiz, serviceBean = class com.ruoshui.core.biz.impl.ExecutorBizImpl
2023-05-29 14:07:07,849 INFO [main] o.a.c.h.Http11NioProtocol [DirectJDKLog.java : 173] Starting ProtocolHandler ["http-nio-9504"]
2023-05-29 14:07:07,924 INFO [main] o.s.b.w.e.t.TomcatWebServer [TomcatWebServer.java : 204] Tomcat started on port(s): 9504 (http) with context path ''
2023-05-29 14:07:07,927 INFO [main] e.DataXExecutorApplication [StartupInfoLogger.java : 59] Started DataXExecutorApplication in 2.319 seconds (JVM running for 4.588)
2023-05-29 14:07:10,880 INFO [Thread-10] c.r.r.r.net.Server [NettyHttpServer.java : 64] >>>>>>>>>>> xxl-rpc remoting server start success, nettype = com.ruoshui.rpc.remoting.net.impl.netty_http.server.NettyHttpServer, port = 9999
2023-05-29 14:10:02,092 INFO [Thread-12] o.s.s.c.ThreadPoolTaskExecutor [ExecutorConfigurationSupport.java : 208] Shutting down ExecutorService 'applicationTaskExecutor'
2023-05-29 14:10:02,093 INFO [Thread-10] c.r.r.r.net.Server [NettyHttpServer.java : 72] >>>>>>>>>>> xxl-rpc remoting server stop.
2023-05-29 14:10:02,101 INFO [web, executor ExecutorRegistryThread] c.r.c.t.ExecutorRegistryThread [ExecutorRegistryThread.java : 86] >>>>>>>>>>> web registry-remove success, registryParam:RegistryParam{registryGroup='EXECUTOR', registryKey='mendale_executor', registryValue='127.0.0.1:9999', cpuUsage='0.0', memoryUsage='0.0', loadAverage='0.0'}, registryResult:ReturnT [code=200, msg=null, content=null]
2023-05-29 14:10:02,102 INFO [web, executor ExecutorRegistryThread] c.r.c.t.ExecutorRegistryThread [ExecutorRegistryThread.java : 104] >>>>>>>>>>> web, executor registry thread destory.
2023-05-29 14:10:02,103 INFO [Thread-12] c.r.r.r.net.Server [NettyHttpServer.java : 106] >>>>>>>>>>> xxl-rpc remoting server destroy success.
2023-05-29 14:10:02,103 INFO [web, executor JobLogFileCleanThread] c.r.c.t.JobLogFileCleanThread [JobLogFileCleanThread.java : 93] >>>>>>>>>>> web, executor JobLogFileCleanThread thread destory.
2023-05-29 14:10:02,104 INFO [web, executor TriggerCallbackThread] c.r.c.t.TriggerCallbackThread [TriggerCallbackThread.java : 94] >>>>>>>>>>> web, executor callback thread destory.
2023-05-29 14:10:02,104 INFO [Thread-7] c.r.c.t.TriggerCallbackThread [TriggerCallbackThread.java : 121] >>>>>>>>>>> web, executor retry callback thread destory.
2023-05-29 14:10:02,105 INFO [web, executor TriggerCallbackThread] c.r.c.t.ProcessCallbackThread [ProcessCallbackThread.java : 94] >>>>>>>>>>> web, executor callback thread destory.
2023-05-29 14:10:02,105 INFO [Thread-9] c.r.c.t.ProcessCallbackThread [ProcessCallbackThread.java : 121] >>>>>>>>>>> web, executor retry callback thread destory.
2023-05-29 14:11:11,678 INFO [main] e.DataXExecutorApplication [StartupInfoLogger.java : 50] Starting DataXExecutorApplication on DESKTOP-4T7GFGM with PID 22864 (D:\IdeaProjects\BigDate\RuoShui-BigData\ruoshui-datax-executor\target\classes started by admin in D:\IdeaProjects\BigDate\RuoShui-BigData)
2023-05-29 14:11:11,683 INFO [main] e.DataXExecutorApplication [SpringApplication.java : 675] No active profile set, falling back to default profiles: default
2023-05-29 14:11:12,793 INFO [main] o.s.b.w.e.t.TomcatWebServer [TomcatWebServer.java : 90] Tomcat initialized with port(s): 9504 (http)
2023-05-29 14:11:12,813 INFO [main] o.a.c.h.Http11NioProtocol [DirectJDKLog.java : 173] Initializing ProtocolHandler ["http-nio-9504"]
2023-05-29 14:11:12,825 INFO [main] o.a.c.c.StandardService [DirectJDKLog.java : 173] Starting service [Tomcat]
2023-05-29 14:11:12,826 INFO [main] o.a.c.c.StandardEngine [DirectJDKLog.java : 173] Starting Servlet engine: [Apache Tomcat/9.0.17]
2023-05-29 14:11:12,982 INFO [main] o.a.c.c.C.[.[.[/] [DirectJDKLog.java : 173] Initializing Spring embedded WebApplicationContext
2023-05-29 14:11:12,982 INFO [main] o.s.w.c.ContextLoader [ServletWebServerApplicationContext.java : 296] Root WebApplicationContext: initialization completed in 1037 ms
2023-05-29 14:11:13,049 INFO [main] e.c.c.DataXConfig [DataXConfig.java : 48] >>>>>>>>>>> ruoshui-ground config init.
2023-05-29 14:11:13,191 INFO [main] o.s.s.c.ThreadPoolTaskExecutor [ExecutorConfigurationSupport.java : 171] Initializing ExecutorService 'applicationTaskExecutor'
2023-05-29 14:11:13,320 INFO [main] c.r.c.e.JobExecutor [JobExecutor.java : 238] >>>>>>>>>>> web register jobhandler success, name:executorJobHandler, jobHandler:executor.service.jobhandler.ExecutorJobHandler@3bcd426c
2023-05-29 14:11:13,321 INFO [main] c.r.c.e.JobExecutor [JobExecutor.java : 238] >>>>>>>>>>> web register jobhandler success, name:killJobHandler, jobHandler:executor.service.jobhandler.KillJobHandler@5dc3fcb7
2023-05-29 14:11:13,350 INFO [main] c.r.r.r.p.XxlRpcProviderFactory [XxlRpcProviderFactory.java : 197] >>>>>>>>>>> xxl-rpc, provider factory add service success. serviceKey = com.ruoshui.core.biz.ExecutorBiz, serviceBean = class com.ruoshui.core.biz.impl.ExecutorBizImpl
2023-05-29 14:11:13,366 INFO [main] o.a.c.h.Http11NioProtocol [DirectJDKLog.java : 173] Starting ProtocolHandler ["http-nio-9504"]
2023-05-29 14:11:13,442 INFO [main] o.s.b.w.e.t.TomcatWebServer [TomcatWebServer.java : 204] Tomcat started on port(s): 9504 (http) with context path ''
2023-05-29 14:11:13,446 INFO [main] e.DataXExecutorApplication [StartupInfoLogger.java : 59] Started DataXExecutorApplication in 2.176 seconds (JVM running for 4.376)
2023-05-29 14:11:16,120 INFO [Thread-10] c.r.r.r.net.Server [NettyHttpServer.java : 64] >>>>>>>>>>> xxl-rpc remoting server start success, nettype = com.ruoshui.rpc.remoting.net.impl.netty_http.server.NettyHttpServer, port = 9999
2023-05-29 14:13:31,188 INFO [Thread-12] o.s.s.c.ThreadPoolTaskExecutor [ExecutorConfigurationSupport.java : 208] Shutting down ExecutorService 'applicationTaskExecutor'
2023-05-29 14:13:31,189 INFO [Thread-10] c.r.r.r.net.Server [NettyHttpServer.java : 72] >>>>>>>>>>> xxl-rpc remoting server stop.
2023-05-29 14:13:31,202 INFO [web, executor ExecutorRegistryThread] c.r.c.t.ExecutorRegistryThread [ExecutorRegistryThread.java : 86] >>>>>>>>>>> web registry-remove success, registryParam:RegistryParam{registryGroup='EXECUTOR', registryKey='mendale_executor', registryValue='172.24.160.1:9999', cpuUsage='0.0', memoryUsage='0.0', loadAverage='0.0'}, registryResult:ReturnT [code=200, msg=null, content=null]
2023-05-29 14:13:31,202 INFO [web, executor ExecutorRegistryThread] c.r.c.t.ExecutorRegistryThread [ExecutorRegistryThread.java : 104] >>>>>>>>>>> web, executor registry thread destory.
2023-05-29 14:13:31,202 INFO [Thread-12] c.r.r.r.net.Server [NettyHttpServer.java : 106] >>>>>>>>>>> xxl-rpc remoting server destroy success.
2023-05-29 14:13:31,202 INFO [web, executor JobLogFileCleanThread] c.r.c.t.JobLogFileCleanThread [JobLogFileCleanThread.java : 93] >>>>>>>>>>> web, executor JobLogFileCleanThread thread destory.
2023-05-29 14:13:31,203 INFO [web, executor TriggerCallbackThread] c.r.c.t.TriggerCallbackThread [TriggerCallbackThread.java : 94] >>>>>>>>>>> web, executor callback thread destory.
2023-05-29 14:13:31,203 INFO [Thread-7] c.r.c.t.TriggerCallbackThread [TriggerCallbackThread.java : 121] >>>>>>>>>>> web, executor retry callback thread destory.
2023-05-29 14:13:31,203 INFO [web, executor TriggerCallbackThread] c.r.c.t.ProcessCallbackThread [ProcessCallbackThread.java : 94] >>>>>>>>>>> web, executor callback thread destory.
2023-05-29 14:13:31,203 INFO [Thread-9] c.r.c.t.ProcessCallbackThread [ProcessCallbackThread.java : 121] >>>>>>>>>>> web, executor retry callback thread destory.
